This is pdfTeX, Version 3.14159265-2.6-1.40.21 (TeX Live 2020) (preloaded format=pdflatex 2021.3.20)  22 MAR 2021 15:45
entering extended mode
 restricted \write18 enabled.
 %&-line parsing enabled.
**weatherFrog_bericht.tex
(./weatherFrog_bericht.tex
LaTeX2e <2020-10-01> patch level 4
L3 programming layer <2021-02-18> (/home/minimops/.TinyTeX/texmf-dist/tex/latex
/base/article.cls
Document Class: article 2020/04/10 v1.4m Standard LaTeX document class
(/home/minimops/.TinyTeX/texmf-dist/tex/latex/base/size11.clo
File: size11.clo 2020/04/10 v1.4m Standard LaTeX file (size option)
)
\c@part=\count179
\c@section=\count180
\c@subsection=\count181
\c@subsubsection=\count182
\c@paragraph=\count183
\c@subparagraph=\count184
\c@figure=\count185
\c@table=\count186
\abovecaptionskip=\skip47
\belowcaptionskip=\skip48
\bibindent=\dimen138
) (/home/minimops/.TinyTeX/texmf-dist/tex/latex/amsmath/amsmath.sty
Package: amsmath 2020/09/23 v2.17i AMS math features
\@mathmargin=\skip49
For additional information on amsmath, use the `?' option.
(/home/minimops/.TinyTeX/texmf-dist/tex/latex/amsmath/amstext.sty
Package: amstext 2000/06/29 v2.01 AMS text
(/home/minimops/.TinyTeX/texmf-dist/tex/latex/amsmath/amsgen.sty
File: amsgen.sty 1999/11/30 v2.0 generic functions
\@emptytoks=\toks15
\ex@=\dimen139
)) (/home/minimops/.TinyTeX/texmf-dist/tex/latex/amsmath/amsbsy.sty
Package: amsbsy 1999/11/29 v1.2d Bold Symbols
\pmbraise@=\dimen140
) (/home/minimops/.TinyTeX/texmf-dist/tex/latex/amsmath/amsopn.sty
Package: amsopn 2016/03/08 v2.02 operator names
)
\inf@bad=\count187
LaTeX Info: Redefining \frac on input line 234.
\uproot@=\count188
\leftroot@=\count189
LaTeX Info: Redefining \overline on input line 399.
\classnum@=\count190
\DOTSCASE@=\count191
LaTeX Info: Redefining \ldots on input line 496.
LaTeX Info: Redefining \dots on input line 499.
LaTeX Info: Redefining \cdots on input line 620.
\Mathstrutbox@=\box47
\strutbox@=\box48
\big@size=\dimen141
LaTeX Font Info:    Redeclaring font encoding OML on input line 743.
LaTeX Font Info:    Redeclaring font encoding OMS on input line 744.
\macc@depth=\count192
\c@MaxMatrixCols=\count193
\dotsspace@=\muskip16
\c@parentequation=\count194
\dspbrk@lvl=\count195
\tag@help=\toks16
\row@=\count196
\column@=\count197
\maxfields@=\count198
\andhelp@=\toks17
\eqnshift@=\dimen142
\alignsep@=\dimen143
\tagshift@=\dimen144
\tagwidth@=\dimen145
\totwidth@=\dimen146
\lineht@=\dimen147
\@envbody=\toks18
\multlinegap=\skip50
\multlinetaggap=\skip51
\mathdisplay@stack=\toks19
LaTeX Info: Redefining \[ on input line 2923.
LaTeX Info: Redefining \] on input line 2924.
) (/home/minimops/.TinyTeX/texmf-dist/tex/latex/amsfonts/amssymb.sty
Package: amssymb 2013/01/14 v3.01 AMS font symbols
(/home/minimops/.TinyTeX/texmf-dist/tex/latex/amsfonts/amsfonts.sty
Package: amsfonts 2013/01/14 v3.01 Basic AMSFonts support
\symAMSa=\mathgroup4
\symAMSb=\mathgroup5
LaTeX Font Info:    Redeclaring math symbol \hbar on input line 98.
LaTeX Font Info:    Overwriting math alphabet `\mathfrak' in version `bold'
(Font)                  U/euf/m/n --> U/euf/b/n on input line 106.
)) (/home/minimops/.TinyTeX/texmf-dist/tex/latex/lm/lmodern.sty
Package: lmodern 2009/10/30 v1.6 Latin Modern Fonts
LaTeX Font Info:    Overwriting symbol font `operators' in version `normal'
(Font)                  OT1/cmr/m/n --> OT1/lmr/m/n on input line 22.
LaTeX Font Info:    Overwriting symbol font `letters' in version `normal'
(Font)                  OML/cmm/m/it --> OML/lmm/m/it on input line 23.
LaTeX Font Info:    Overwriting symbol font `symbols' in version `normal'
(Font)                  OMS/cmsy/m/n --> OMS/lmsy/m/n on input line 24.
LaTeX Font Info:    Overwriting symbol font `largesymbols' in version `normal'
(Font)                  OMX/cmex/m/n --> OMX/lmex/m/n on input line 25.
LaTeX Font Info:    Overwriting symbol font `operators' in version `bold'
(Font)                  OT1/cmr/bx/n --> OT1/lmr/bx/n on input line 26.
LaTeX Font Info:    Overwriting symbol font `letters' in version `bold'
(Font)                  OML/cmm/b/it --> OML/lmm/b/it on input line 27.
LaTeX Font Info:    Overwriting symbol font `symbols' in version `bold'
(Font)                  OMS/cmsy/b/n --> OMS/lmsy/b/n on input line 28.
LaTeX Font Info:    Overwriting symbol font `largesymbols' in version `bold'
(Font)                  OMX/cmex/m/n --> OMX/lmex/m/n on input line 29.
LaTeX Font Info:    Overwriting math alphabet `\mathbf' in version `normal'
(Font)                  OT1/cmr/bx/n --> OT1/lmr/bx/n on input line 31.
LaTeX Font Info:    Overwriting math alphabet `\mathsf' in version `normal'
(Font)                  OT1/cmss/m/n --> OT1/lmss/m/n on input line 32.
LaTeX Font Info:    Overwriting math alphabet `\mathit' in version `normal'
(Font)                  OT1/cmr/m/it --> OT1/lmr/m/it on input line 33.
LaTeX Font Info:    Overwriting math alphabet `\mathtt' in version `normal'
(Font)                  OT1/cmtt/m/n --> OT1/lmtt/m/n on input line 34.
LaTeX Font Info:    Overwriting math alphabet `\mathbf' in version `bold'
(Font)                  OT1/cmr/bx/n --> OT1/lmr/bx/n on input line 35.
LaTeX Font Info:    Overwriting math alphabet `\mathsf' in version `bold'
(Font)                  OT1/cmss/bx/n --> OT1/lmss/bx/n on input line 36.
LaTeX Font Info:    Overwriting math alphabet `\mathit' in version `bold'
(Font)                  OT1/cmr/bx/it --> OT1/lmr/bx/it on input line 37.
LaTeX Font Info:    Overwriting math alphabet `\mathtt' in version `bold'
(Font)                  OT1/cmtt/m/n --> OT1/lmtt/m/n on input line 38.
) (/home/minimops/.TinyTeX/texmf-dist/tex/generic/iftex/ifxetex.sty
Package: ifxetex 2019/10/25 v0.7 ifxetex legacy package. Use iftex instead.
(/home/minimops/.TinyTeX/texmf-dist/tex/generic/iftex/iftex.sty
Package: iftex 2020/03/06 v1.0d TeX engine tests
)) (/home/minimops/.TinyTeX/texmf-dist/tex/generic/iftex/ifluatex.sty
Package: ifluatex 2019/10/25 v1.5 ifluatex legacy package. Use iftex instead.
) (/home/minimops/.TinyTeX/texmf-dist/tex/latex/base/fontenc.sty
Package: fontenc 2020/08/10 v2.0s Standard LaTeX package
LaTeX Font Info:    Trying to load font information for T1+lmr on input line 11
2.
(/home/minimops/.TinyTeX/texmf-dist/tex/latex/lm/t1lmr.fd
File: t1lmr.fd 2009/10/30 v1.6 Font defs for Latin Modern
)) (/home/minimops/.TinyTeX/texmf-dist/tex/latex/base/inputenc.sty
Package: inputenc 2020/08/01 v1.3d Input encoding file
\inpenc@prehook=\toks20
\inpenc@posthook=\toks21
) (/home/minimops/.TinyTeX/texmf-dist/tex/latex/base/textcomp.sty
Package: textcomp 2020/02/02 v2.0n Standard LaTeX package
) (/home/minimops/.TinyTeX/texmf-dist/tex/latex/xcolor/xcolor.sty
Package: xcolor 2016/05/11 v2.12 LaTeX color extensions (UK)
(/home/minimops/.TinyTeX/texmf-dist/tex/latex/graphics-cfg/color.cfg
File: color.cfg 2016/01/02 v1.6 sample color configuration
)
Package xcolor Info: Driver file: pdftex.def on input line 225.
(/home/minimops/.TinyTeX/texmf-dist/tex/latex/graphics-def/pdftex.def
File: pdftex.def 2020/10/05 v1.2a Graphics/color driver for pdftex
)
Package xcolor Info: Model `cmy' substituted by `cmy0' on input line 1348.
Package xcolor Info: Model `hsb' substituted by `rgb' on input line 1352.
Package xcolor Info: Model `RGB' extended on input line 1364.
Package xcolor Info: Model `HTML' substituted by `rgb' on input line 1366.
Package xcolor Info: Model `Hsb' substituted by `hsb' on input line 1367.
Package xcolor Info: Model `tHsb' substituted by `hsb' on input line 1368.
Package xcolor Info: Model `HSB' substituted by `hsb' on input line 1369.
Package xcolor Info: Model `Gray' substituted by `gray' on input line 1370.
Package xcolor Info: Model `wave' substituted by `hsb' on input line 1371.
) (/home/minimops/.TinyTeX/texmf-dist/tex/latex/hyperref/hyperref.sty
Package: hyperref 2021-02-27 v7.00k Hypertext links for LaTeX
(/home/minimops/.TinyTeX/texmf-dist/tex/generic/ltxcmds/ltxcmds.sty
Package: ltxcmds 2020-05-10 v1.25 LaTeX kernel commands for general use (HO)
) (/home/minimops/.TinyTeX/texmf-dist/tex/generic/pdftexcmds/pdftexcmds.sty
Package: pdftexcmds 2020-06-27 v0.33 Utility functions of pdfTeX for LuaTeX (HO
)
(/home/minimops/.TinyTeX/texmf-dist/tex/generic/infwarerr/infwarerr.sty
Package: infwarerr 2019/12/03 v1.5 Providing info/warning/error messages (HO)
)
Package pdftexcmds Info: \pdf@primitive is available.
Package pdftexcmds Info: \pdf@ifprimitive is available.
Package pdftexcmds Info: \pdfdraftmode found.
) (/home/minimops/.TinyTeX/texmf-dist/tex/latex/graphics/keyval.sty
Package: keyval 2014/10/28 v1.15 key=value parser (DPC)
\KV@toks@=\toks22
) (/home/minimops/.TinyTeX/texmf-dist/tex/generic/kvsetkeys/kvsetkeys.sty
Package: kvsetkeys 2019/12/15 v1.18 Key value parser (HO)
) (/home/minimops/.TinyTeX/texmf-dist/tex/generic/kvdefinekeys/kvdefinekeys.sty
Package: kvdefinekeys 2019-12-19 v1.6 Define keys (HO)
) (/home/minimops/.TinyTeX/texmf-dist/tex/generic/pdfescape/pdfescape.sty
Package: pdfescape 2019/12/09 v1.15 Implements pdfTeX's escape features (HO)
) (/home/minimops/.TinyTeX/texmf-dist/tex/latex/hycolor/hycolor.sty
Package: hycolor 2020-01-27 v1.10 Color options for hyperref/bookmark (HO)
) (/home/minimops/.TinyTeX/texmf-dist/tex/latex/letltxmacro/letltxmacro.sty
Package: letltxmacro 2019/12/03 v1.6 Let assignment for LaTeX macros (HO)
) (/home/minimops/.TinyTeX/texmf-dist/tex/latex/auxhook/auxhook.sty
Package: auxhook 2019-12-17 v1.6 Hooks for auxiliary files (HO)
) (/home/minimops/.TinyTeX/texmf-dist/tex/latex/kvoptions/kvoptions.sty
Package: kvoptions 2020-10-07 v3.14 Key value format for package options (HO)
)
\@linkdim=\dimen148
\Hy@linkcounter=\count199
\Hy@pagecounter=\count266
(/home/minimops/.TinyTeX/texmf-dist/tex/latex/hyperref/pd1enc.def
File: pd1enc.def 2021-02-27 v7.00k Hyperref: PDFDocEncoding definition (HO)
Now handling font encoding PD1 ...
... no UTF-8 mapping file for font encoding PD1
)
(/home/minimops/.TinyTeX/texmf-dist/tex/latex/hyperref/hyperref-langpatches.def
File: hyperref-langpatches.def 2021-02-27 v7.00k Hyperref: patches for babel la
nguages
) (/home/minimops/.TinyTeX/texmf-dist/tex/generic/intcalc/intcalc.sty
Package: intcalc 2019/12/15 v1.3 Expandable calculations with integers (HO)
) (/home/minimops/.TinyTeX/texmf-dist/tex/generic/etexcmds/etexcmds.sty
Package: etexcmds 2019/12/15 v1.7 Avoid name clashes with e-TeX commands (HO)
)
\Hy@SavedSpaceFactor=\count267
(/home/minimops/.TinyTeX/texmf-dist/tex/latex/hyperref/puenc.def
File: puenc.def 2021-02-27 v7.00k Hyperref: PDF Unicode definition (HO)
Now handling font encoding PU ...
... no UTF-8 mapping file for font encoding PU
)
Package hyperref Info: Option `unicode' set `true' on input line 4073.
Package hyperref Info: Hyper figures OFF on input line 4192.
Package hyperref Info: Link nesting OFF on input line 4197.
Package hyperref Info: Hyper index ON on input line 4200.
Package hyperref Info: Plain pages OFF on input line 4207.
Package hyperref Info: Backreferencing OFF on input line 4212.
Package hyperref Info: Implicit mode ON; LaTeX internals redefined.
Package hyperref Info: Bookmarks ON on input line 4445.
\c@Hy@tempcnt=\count268
(/home/minimops/.TinyTeX/texmf-dist/tex/latex/url/url.sty
\Urlmuskip=\muskip17
Package: url 2013/09/16  ver 3.4  Verb mode for urls, etc.
)
LaTeX Info: Redefining \url on input line 4804.
\XeTeXLinkMargin=\dimen149
(/home/minimops/.TinyTeX/texmf-dist/tex/generic/bitset/bitset.sty
Package: bitset 2019/12/09 v1.3 Handle bit-vector datatype (HO)
(/home/minimops/.TinyTeX/texmf-dist/tex/generic/bigintcalc/bigintcalc.sty
Package: bigintcalc 2019/12/15 v1.5 Expandable calculations on big integers (HO
)
))
\Fld@menulength=\count269
\Field@Width=\dimen150
\Fld@charsize=\dimen151
Package hyperref Info: Hyper figures OFF on input line 6075.
Package hyperref Info: Link nesting OFF on input line 6080.
Package hyperref Info: Hyper index ON on input line 6083.
Package hyperref Info: backreferencing OFF on input line 6090.
Package hyperref Info: Link coloring OFF on input line 6095.
Package hyperref Info: Link coloring with OCG OFF on input line 6100.
Package hyperref Info: PDF/A mode OFF on input line 6105.
LaTeX Info: Redefining \ref on input line 6145.
LaTeX Info: Redefining \pageref on input line 6149.
(/home/minimops/.TinyTeX/texmf-dist/tex/latex/base/atbegshi-ltx.sty
Package: atbegshi-ltx 2020/08/17 v1.0a Emulation of the original atbegshi packa
ge
with kernel methods
)
\Hy@abspage=\count270
\c@Item=\count271
\c@Hfootnote=\count272
)
Package hyperref Info: Driver (autodetected): hpdftex.
(/home/minimops/.TinyTeX/texmf-dist/tex/latex/hyperref/hpdftex.def
File: hpdftex.def 2021-02-27 v7.00k Hyperref driver for pdfTeX
(/home/minimops/.TinyTeX/texmf-dist/tex/latex/base/atveryend-ltx.sty
Package: atveryend-ltx 2020/08/19 v1.0a Emulation of the original atvery packag
e
with kernel methods
)
\Fld@listcount=\count273
\c@bookmark@seq@number=\count274

(/home/minimops/.TinyTeX/texmf-dist/tex/latex/rerunfilecheck/rerunfilecheck.sty
Package: rerunfilecheck 2019/12/05 v1.9 Rerun checks for auxiliary files (HO)

(/home/minimops/.TinyTeX/texmf-dist/tex/generic/uniquecounter/uniquecounter.sty
Package: uniquecounter 2019/12/15 v1.4 Provide unlimited unique counter (HO)
)
Package uniquecounter Info: New unique counter `rerunfilecheck' on input line 2
86.
)
\Hy@SectionHShift=\skip52
) (/home/minimops/.TinyTeX/texmf-dist/tex/latex/geometry/geometry.sty
Package: geometry 2020/01/02 v5.9 Page Geometry
(/home/minimops/.TinyTeX/texmf-dist/tex/generic/iftex/ifvtex.sty
Package: ifvtex 2019/10/25 v1.7 ifvtex legacy package. Use iftex instead.
)
\Gm@cnth=\count275
\Gm@cntv=\count276
\c@Gm@tempcnt=\count277
\Gm@bindingoffset=\dimen152
\Gm@wd@mp=\dimen153
\Gm@odd@mp=\dimen154
\Gm@even@mp=\dimen155
\Gm@layoutwidth=\dimen156
\Gm@layoutheight=\dimen157
\Gm@layouthoffset=\dimen158
\Gm@layoutvoffset=\dimen159
\Gm@dimlist=\toks23
) (/home/minimops/.TinyTeX/texmf-dist/tex/latex/graphics/graphicx.sty
Package: graphicx 2020/09/09 v1.2b Enhanced LaTeX Graphics (DPC,SPQR)
(/home/minimops/.TinyTeX/texmf-dist/tex/latex/graphics/graphics.sty
Package: graphics 2020/08/30 v1.4c Standard LaTeX Graphics (DPC,SPQR)
(/home/minimops/.TinyTeX/texmf-dist/tex/latex/graphics/trig.sty
Package: trig 2016/01/03 v1.10 sin cos tan (DPC)
) (/home/minimops/.TinyTeX/texmf-dist/tex/latex/graphics-cfg/graphics.cfg
File: graphics.cfg 2016/06/04 v1.11 sample graphics configuration
)
Package graphics Info: Driver file: pdftex.def on input line 105.
)
\Gin@req@height=\dimen160
\Gin@req@width=\dimen161
) (/home/minimops/.TinyTeX/texmf-dist/tex/latex/setspace/setspace.sty
Package: setspace 2011/12/19 v6.7a set line spacing
) (/home/minimops/.TinyTeX/texmf-dist/tex/latex/float/float.sty
Package: float 2001/11/08 v1.3d Float enhancements (AL)
\c@float@type=\count278
\float@exts=\toks24
\float@box=\box49
\@float@everytoks=\toks25
\@floatcapt=\box50
) (/home/minimops/.TinyTeX/texmf-dist/tex/latex/caption/caption.sty
Package: caption 2020/10/26 v3.5g Customizing captions (AR)
(/home/minimops/.TinyTeX/texmf-dist/tex/latex/caption/caption3.sty
Package: caption3 2020/10/21 v2.2e caption3 kernel (AR)
\captionmargin=\dimen162
\captionmargin@=\dimen163
\captionwidth=\dimen164
\caption@tempdima=\dimen165
\caption@indent=\dimen166
\caption@parindent=\dimen167
\caption@hangindent=\dimen168
Package caption Info: Standard document class detected.
)
\c@caption@flags=\count279
\c@continuedfloat=\count280
Package caption Info: float package is loaded.
Package caption Info: hyperref package is loaded.
) (/home/minimops/.TinyTeX/texmf-dist/tex/latex/algorithm2e/algorithm2e.sty
Package: algorithm2e 2017/07/18 v5.2 algorithms environments
\c@AlgoLine=\count281
(/home/minimops/.TinyTeX/texmf-dist/tex/latex/base/ifthen.sty
Package: ifthen 2014/09/29 v1.1c Standard LaTeX ifthen package (DPC)
)
\algocf@hangindent=\skip53
(/home/minimops/.TinyTeX/texmf-dist/tex/latex/ifoddpage/ifoddpage.sty
Package: ifoddpage 2016/04/23 v1.1 Conditionals for odd/even page detection
\c@checkoddpage=\count282
) (/home/minimops/.TinyTeX/texmf-dist/tex/latex/tools/xspace.sty
Package: xspace 2014/10/28 v1.13 Space after command names (DPC,MH)
) (/home/minimops/.TinyTeX/texmf-dist/tex/latex/relsize/relsize.sty
Package: relsize 2013/03/29 ver 4.1
)
\skiptotal=\skip54
\skiplinenumber=\skip55
\skiprule=\skip56
\skiphlne=\skip57
\skiptext=\skip58
\skiplength=\skip59
\algomargin=\skip60
\skipalgocfslide=\skip61
\algowidth=\dimen169
\inoutsize=\dimen170
\inoutindent=\dimen171
\interspacetitleruled=\dimen172
\interspacealgoruled=\dimen173
\interspacetitleboxruled=\dimen174
\algocf@ruledwidth=\skip62
\algocf@inoutbox=\box51
\algocf@inputbox=\box52
\AlCapSkip=\skip63
\AlCapHSkip=\skip64
\algoskipindent=\skip65
\algocf@nlbox=\box53
\algocf@hangingbox=\box54
\algocf@untilbox=\box55
\algocf@skipuntil=\skip66
\algocf@capbox=\box56
\algocf@lcaptionbox=\skip67
\algoheightruledefault=\skip68
\algoheightrule=\skip69
\algotitleheightruledefault=\skip70
\algotitleheightrule=\skip71
\c@algocfline=\count283
\c@algocfproc=\count284
\c@algocf=\count285
\algocf@algoframe=\box57
\algocf@algobox=\box58
) (/home/minimops/.TinyTeX/texmf-dist/tex/generic/babel/babel.sty
Package: babel 2021/03/03 3.55 The Babel package
(/home/minimops/.TinyTeX/texmf-dist/tex/generic/babel/babel.def
File: babel.def 2021/03/03 3.55 Babel common definitions
\babel@savecnt=\count286
\U@D=\dimen175
\l@babelnohyphens=\language3
(/home/minimops/.TinyTeX/texmf-dist/tex/generic/babel/txtbabel.def)
\bbl@readstream=\read2
)
\bbl@dirlevel=\count287
(/home/minimops/.TinyTeX/texmf-dist/tex/generic/babel-german/german.ldf
Language: german 2021/02/27 v2.13 German support for babel (pre-1996 orthograph
y)
(/home/minimops/.TinyTeX/texmf-dist/tex/generic/babel-german/germanb.ldf
Language: germanb 2021/02/27 v2.13 German support for babel (pre-1996 orthograp
hy)

Package babel Warning: No hyphenation patterns were preloaded for
(babel)                the language `German (trad. orthography)' into the forma
t.
(babel)                Please, configure your TeX system to add them and
(babel)                rebuild the format. Now I will use the patterns
(babel)                preloaded for \language=0 instead on input line 62.

Package babel Info: \l@german = using hyphenrules for english
(babel)             (\language0) on input line 63.
Package babel Info: Making " an active character on input line 139.
))) (/home/minimops/.TinyTeX/texmf-dist/tex/latex/booktabs/booktabs.sty
Package: booktabs 2020/01/12 v1.61803398 Publication quality tables
\heavyrulewidth=\dimen176
\lightrulewidth=\dimen177
\cmidrulewidth=\dimen178
\belowrulesep=\dimen179
\belowbottomsep=\dimen180
\aboverulesep=\dimen181
\abovetopsep=\dimen182
\cmidrulesep=\dimen183
\cmidrulekern=\dimen184
\defaultaddspace=\dimen185
\@cmidla=\count288
\@cmidlb=\count289
\@aboverulesep=\dimen186
\@belowrulesep=\dimen187
\@thisruleclass=\count290
\@lastruleclass=\count291
\@thisrulewidth=\dimen188
) (/home/minimops/.TinyTeX/texmf-dist/tex/latex/tools/longtable.sty
Package: longtable 2020/01/07 v4.13 Multi-page Table package (DPC)
\LTleft=\skip72
\LTright=\skip73
\LTpre=\skip74
\LTpost=\skip75
\LTchunksize=\count292
\LTcapwidth=\dimen189
\LT@head=\box59
\LT@firsthead=\box60
\LT@foot=\box61
\LT@lastfoot=\box62
\LT@cols=\count293
\LT@rows=\count294
\c@LT@tables=\count295
\c@LT@chunks=\count296
\LT@p@ftn=\toks26
) (/home/minimops/.TinyTeX/texmf-dist/tex/latex/tools/array.sty
Package: array 2020/10/01 v2.5c Tabular extension package (FMi)
\col@sep=\dimen190
\ar@mcellbox=\box63
\extrarowheight=\dimen191
\NC@list=\toks27
\extratabsurround=\skip76
\backup@length=\skip77
\ar@cellbox=\box64
) (/home/minimops/.TinyTeX/texmf-dist/tex/latex/multirow/multirow.sty
Package: multirow 2021/03/15 v2.8 Span multiple rows of a table
\multirow@colwidth=\skip78
\multirow@cntb=\count297
\multirow@dima=\skip79
\bigstrutjot=\dimen192
) (/home/minimops/.TinyTeX/texmf-dist/tex/latex/wrapfig/wrapfig.sty
\wrapoverhang=\dimen193
\WF@size=\dimen194
\c@WF@wrappedlines=\count298
\WF@box=\box65
\WF@everypar=\toks28
Package: wrapfig 2003/01/31  v 3.6
) (/home/minimops/.TinyTeX/texmf-dist/tex/latex/colortbl/colortbl.sty
Package: colortbl 2020/01/04 v1.0e Color table columns (DPC)
\everycr=\toks29
\minrowclearance=\skip80
) (/home/minimops/.TinyTeX/texmf-dist/tex/latex/pdflscape/pdflscape.sty
Package: pdflscape 2019/12/05 v0.12 Display of landscape pages in PDF (HO)
(/home/minimops/.TinyTeX/texmf-dist/tex/latex/graphics/lscape.sty
Package: lscape 2020/05/28 v3.02 Landscape Pages (DPC)
)
Package pdflscape Info: Auto-detected driver: pdftex on input line 81.
) (/home/minimops/.TinyTeX/texmf-dist/tex/latex/tabu/tabu.sty
Package: tabu 2019/01/11 v2.9 - flexible LaTeX tabulars (FC+tabu-fixed)
(/home/minimops/.TinyTeX/texmf-dist/tex/latex/varwidth/varwidth.sty
Package: varwidth 2009/03/30 ver 0.92;  Variable-width minipages
\@vwid@box=\box66
\sift@deathcycles=\count299
\@vwid@loff=\dimen195
\@vwid@roff=\dimen196
)
\c@taburow=\count300
\tabu@nbcols=\count301
\tabu@cnt=\count302
\tabu@Xcol=\count303
\tabu@alloc=\count304
\tabu@nested=\count305
\tabu@target=\dimen197
\tabu@spreadtarget=\dimen198
\tabu@naturalX=\dimen199
\tabucolX=\dimen256
\tabu@Xsum=\dimen257
\extrarowdepth=\dimen258
\abovetabulinesep=\dimen259
\belowtabulinesep=\dimen260
\tabustrutrule=\dimen261
\tabu@thebody=\toks30
\tabu@footnotes=\toks31
\tabu@box=\box67
\tabu@arstrutbox=\box68
\tabu@hleads=\box69
\tabu@vleads=\box70
\tabu@cellskip=\skip81
)
(/home/minimops/.TinyTeX/texmf-dist/tex/latex/threeparttable/threeparttable.sty
Package: threeparttable 2003/06/13  v 3.0
\@tempboxb=\box71
)
(/home/minimops/.TinyTeX/texmf-dist/tex/latex/threeparttablex/threeparttablex.s
ty
Package: threeparttablex 2013/07/23 v0.3 by daleif
(/home/minimops/.TinyTeX/texmf-dist/tex/latex/environ/environ.sty
Package: environ 2014/05/04 v0.3 A new way to define environments
(/home/minimops/.TinyTeX/texmf-dist/tex/latex/trimspaces/trimspaces.sty
Package: trimspaces 2009/09/17 v1.1 Trim spaces around a token list
))
\TPTL@width=\skip82
) (/home/minimops/.TinyTeX/texmf-dist/tex/generic/ulem/ulem.sty
\UL@box=\box72
\UL@hyphenbox=\box73
\UL@skip=\skip83
\UL@hook=\toks32
\UL@height=\dimen262
\UL@pe=\count306
\UL@pixel=\dimen263
\ULC@box=\box74
Package: ulem 2019/11/18
\ULdepth=\dimen264
) (/home/minimops/.TinyTeX/texmf-dist/tex/latex/makecell/makecell.sty
Package: makecell 2009/08/03 V0.1e Managing of Tab Column Heads and Cells
\rotheadsize=\dimen265
\c@nlinenum=\count307
\TeXr@lab=\toks33
)
\cslhangindent=\skip84
\csllabelwidth=\skip85
(/home/minimops/.TinyTeX/texmf-dist/tex/latex/tools/calc.sty
Package: calc 2017/05/25 v4.3 Infix arithmetic (KKT,FJ)
\calc@Acount=\count308
\calc@Bcount=\count309
\calc@Adimen=\dimen266
\calc@Bdimen=\dimen267
\calc@Askip=\skip86
\calc@Bskip=\skip87
LaTeX Info: Redefining \setlength on input line 80.
LaTeX Info: Redefining \addtolength on input line 81.
\calc@Ccount=\count310
\calc@Cskip=\skip88
) (/home/minimops/.TinyTeX/texmf-dist/tex/latex/etoolbox/etoolbox.sty
Package: etoolbox 2020/10/05 v2.5k e-TeX tools for LaTeX (JAW)
\etb@tempcnta=\count311
) (/home/minimops/.TinyTeX/texmf-dist/tex/latex/l3backend/l3backend-pdftex.def
File: l3backend-pdftex.def 2021-03-18 L3 backend support: PDF output (pdfTeX)
\l__color_backend_stack_int=\count312
\l__pdf_internal_box=\box75
) (./weatherFrog_bericht.aux

LaTeX Warning: Label `fig:locations' multiply defined.


LaTeX Warning: Label `fig:mslp_ex' multiply defined.


LaTeX Warning: Label `fig:geopot_ex' multiply defined.


LaTeX Warning: Label `fig:avgDay' multiply defined.


LaTeX Warning: Label `fig:timeline_GWL' multiply defined.


LaTeX Warning: Label `fig:timeline_vtlg' multiply defined.


LaTeX Warning: Label `fig:kNN_dist' multiply defined.


LaTeX Warning: Label `fig:scapoi_res' multiply defined.


LaTeX Warning: Label `fig:quadranten' multiply defined.


LaTeX Warning: Label `fig:manhattan' multiply defined.


LaTeX Warning: Label `fig:numclust' multiply defined.


LaTeX Warning: Label `fig:pca' multiply defined.


LaTeX Warning: Label `fig:tlMultiplied' multiply defined.


LaTeX Warning: Label `fig:mosaic_seasons' multiply defined.


LaTeX Warning: Label `fig:observation_in_cluster' multiply defined.


LaTeX Warning: Label `fig:mean_mslp_boxplot' multiply defined.


LaTeX Warning: Label `fig:mean_geopot_boxplot' multiply defined.


LaTeX Warning: Label `fig:mslp_measurepoints' multiply defined.


LaTeX Warning: Label `fig:geopot_measurepoints' multiply defined.


LaTeX Warning: Label `fig:mosaic_GWL' multiply defined.


LaTeX Warning: Label `fig:werteMslp' multiply defined.


LaTeX Warning: Label `fig:werteGeopot' multiply defined.


LaTeX Warning: Label `fig:mosaicSummer' multiply defined.


LaTeX Warning: Label `fig:mosaicWinter' multiply defined.


LaTeX Warning: Label `fig:mosaic_GWL_greater_2days' multiply defined.


LaTeX Warning: Label `fig:TL_filter+exa' multiply defined.


LaTeX Warning: Label `fig:mosaic_filter+exa' multiply defined.


LaTeX Warning: Label `fig:geopot_verID' multiply defined.

)
\openout1 = `weatherFrog_bericht.aux'.

LaTeX Font Info:    Checking defaults for OML/cmm/m/it on input line 133.
LaTeX Font Info:    ... okay on input line 133.
LaTeX Font Info:    Checking defaults for OMS/cmsy/m/n on input line 133.
LaTeX Font Info:    ... okay on input line 133.
LaTeX Font Info:    Checking defaults for OT1/cmr/m/n on input line 133.
LaTeX Font Info:    ... okay on input line 133.
LaTeX Font Info:    Checking defaults for T1/cmr/m/n on input line 133.
LaTeX Font Info:    ... okay on input line 133.
LaTeX Font Info:    Checking defaults for TS1/cmr/m/n on input line 133.
LaTeX Font Info:    ... okay on input line 133.
LaTeX Font Info:    Checking defaults for OMX/cmex/m/n on input line 133.
LaTeX Font Info:    ... okay on input line 133.
LaTeX Font Info:    Checking defaults for U/cmr/m/n on input line 133.
LaTeX Font Info:    ... okay on input line 133.
LaTeX Font Info:    Checking defaults for PD1/pdf/m/n on input line 133.
LaTeX Font Info:    ... okay on input line 133.
LaTeX Font Info:    Checking defaults for PU/pdf/m/n on input line 133.
LaTeX Font Info:    ... okay on input line 133.
(/home/minimops/.TinyTeX/texmf-dist/tex/latex/epstopdf-pkg/epstopdf-base.sty
Package: epstopdf-base 2020-01-24 v2.11 Base part for package epstopdf
Package epstopdf-base Info: Redefining graphics rule for `.eps' on input line 4
85.
(/home/minimops/.TinyTeX/texmf-dist/tex/latex/latexconfig/epstopdf-sys.cfg
File: epstopdf-sys.cfg 2010/07/13 v1.3 Configuration of (r)epstopdf for TeX Liv
e
))
Package hyperref Info: Link coloring OFF on input line 133.
(/home/minimops/.TinyTeX/texmf-dist/tex/latex/hyperref/nameref.sty
Package: nameref 2021-04-02 v2.47 Cross-referencing by name of section
(/home/minimops/.TinyTeX/texmf-dist/tex/latex/refcount/refcount.sty
Package: refcount 2019/12/15 v3.6 Data extraction from label references (HO)
)
(/home/minimops/.TinyTeX/texmf-dist/tex/generic/gettitlestring/gettitlestring.s
ty
Package: gettitlestring 2019/12/15 v1.6 Cleanup title references (HO)
)
\c@section@level=\count313
)
LaTeX Info: Redefining \ref on input line 133.
LaTeX Info: Redefining \pageref on input line 133.
LaTeX Info: Redefining \nameref on input line 133.
(./weatherFrog_bericht.out) (./weatherFrog_bericht.out)
\@outlinefile=\write3
\openout3 = `weatherFrog_bericht.out'.

*geometry* driver: auto-detecting
*geometry* detected driver: pdftex
*geometry* verbose mode - [ preamble ] result:
* driver: pdftex
* paper: <default>
* layout: <same size as paper>
* layoutoffset:(h,v)=(0.0pt,0.0pt)
* modes: 
* h-part:(L,W,R)=(71.13188pt, 472.03123pt, 71.13188pt)
* v-part:(T,H,B)=(71.13188pt, 652.70622pt, 71.13188pt)
* \paperwidth=614.295pt
* \paperheight=794.96999pt
* \textwidth=472.03123pt
* \textheight=652.70622pt
* \oddsidemargin=-1.1381pt
* \evensidemargin=-1.1381pt
* \topmargin=-38.1381pt
* \headheight=12.0pt
* \headsep=25.0pt
* \topskip=11.0pt
* \footskip=30.0pt
* \marginparwidth=59.0pt
* \marginparsep=10.0pt
* \columnsep=10.0pt
* \skip\footins=10.0pt plus 4.0pt minus 2.0pt
* \hoffset=0.0pt
* \voffset=0.0pt
* \mag=1000
* \@twocolumnfalse
* \@twosidefalse
* \@mparswitchfalse
* \@reversemarginfalse
* (1in=72.27pt=25.4mm, 1cm=28.453pt)

Package caption Info: Begin \AtBeginDocument code.
Package caption Info: longtable package is loaded.
(/home/minimops/.TinyTeX/texmf-dist/tex/latex/caption/ltcaption.sty
Package: ltcaption 2020/05/30 v1.4b longtable captions (AR)
)
Package caption Info: threeparttable package is loaded.
Package caption Info: wrapfig package is loaded.
Package caption Info: End \AtBeginDocument code.
<lmu.jpg, id=188, 624.83438pt x 225.84375pt>
File: lmu.jpg Graphic file (type jpg)
<use lmu.jpg>
Package pdftex.def Info: lmu.jpg  used on input line 135.
(pdftex.def)             Requested size: 472.03787pt x 170.61609pt.
LaTeX Font Info:    Trying to load font information for OT1+lmr on input line 1
35.
(/home/minimops/.TinyTeX/texmf-dist/tex/latex/lm/ot1lmr.fd
File: ot1lmr.fd 2009/10/30 v1.6 Font defs for Latin Modern
)
LaTeX Font Info:    Trying to load font information for OML+lmm on input line 1
35.
(/home/minimops/.TinyTeX/texmf-dist/tex/latex/lm/omllmm.fd
File: omllmm.fd 2009/10/30 v1.6 Font defs for Latin Modern
)
LaTeX Font Info:    Trying to load font information for OMS+lmsy on input line 
135.
(/home/minimops/.TinyTeX/texmf-dist/tex/latex/lm/omslmsy.fd
File: omslmsy.fd 2009/10/30 v1.6 Font defs for Latin Modern
)
LaTeX Font Info:    Trying to load font information for OMX+lmex on input line 
135.
(/home/minimops/.TinyTeX/texmf-dist/tex/latex/lm/omxlmex.fd
File: omxlmex.fd 2009/10/30 v1.6 Font defs for Latin Modern
)
LaTeX Font Info:    External font `lmex10' loaded for size
(Font)              <12> on input line 135.
LaTeX Font Info:    External font `lmex10' loaded for size
(Font)              <8> on input line 135.
LaTeX Font Info:    External font `lmex10' loaded for size
(Font)              <6> on input line 135.
LaTeX Font Info:    Trying to load font information for U+msa on input line 135
.
(/home/minimops/.TinyTeX/texmf-dist/tex/latex/amsfonts/umsa.fd
File: umsa.fd 2013/01/14 v3.01 AMS symbols A
)
LaTeX Font Info:    Trying to load font information for U+msb on input line 135
.
(/home/minimops/.TinyTeX/texmf-dist/tex/latex/amsfonts/umsb.fd
File: umsb.fd 2013/01/14 v3.01 AMS symbols B
) [1

{/home/minimops/.TinyTeX/texmf-var/fonts/map/pdftex/updmap/pdftex.map} <./lmu.j
pg>] [2]
\c@savepage=\count314
(./weatherFrog_bericht.toc
LaTeX Font Info:    External font `lmex10' loaded for size
(Font)              <10.95> on input line 3.
[1])
\tf@toc=\write4
\openout4 = `weatherFrog_bericht.toc'.

[2] (./weatherFrog_bericht.lot)
\tf@lot=\write5
\openout5 = `weatherFrog_bericht.lot'.

(./weatherFrog_bericht.lof [3])
\tf@lof=\write6
\openout6 = `weatherFrog_bericht.lof'.

[4] [5]pdfTeX warning (ext4): destination with the same identifier (name{page.1
}) has been already used, duplicate ignored
<to be read again> 
                   \relax 
l.318 \newpage
               [1]pdfTeX warning (ext4): destination with the same identifier (
name{page.2}) has been already used, duplicate ignored
<to be read again> 
                   \relax 
l.318 \newpage
               [2]
<assets/MapDots.png, id=394, 361.35pt x 216.81pt>
File: assets/MapDots.png Graphic file (type png)
<use assets/MapDots.png>
Package pdftex.def Info: assets/MapDots.png  used on input line 337.
(pdftex.def)             Requested size: 361.36566pt x 216.81938pt.
<assets/dayMslp.png, id=397, 361.35pt x 216.81pt>
File: assets/dayMslp.png Graphic file (type png)
<use assets/dayMslp.png>
Package pdftex.def Info: assets/dayMslp.png  used on input line 354.
(pdftex.def)             Requested size: 361.36566pt x 216.81938pt.
[3 <./assets/MapDots.png (PNG copy)>]
<assets/dayGeopot.png, id=405, 361.35pt x 216.81pt>
File: assets/dayGeopot.png Graphic file (type png)
<use assets/dayGeopot.png>
Package pdftex.def Info: assets/dayGeopot.png  used on input line 363.
(pdftex.def)             Requested size: 361.36566pt x 216.81938pt.
<assets/avgDay.png, id=407, 505.89pt x 216.81pt>
File: assets/avgDay.png Graphic file (type png)
<use assets/avgDay.png>
Package pdftex.def Info: assets/avgDay.png  used on input line 379.
(pdftex.def)             Requested size: 472.03983pt x 202.30278pt.
[4 <./assets/dayMslp.png (PNG copy)> <./assets/dayGeopot.png (PNG copy)>] [5 <.
/assets/avgDay.png (PNG copy)>]
<assets/timeline_GWL_mult.png, id=419, 361.35pt x 216.81pt>
File: assets/timeline_GWL_mult.png Graphic file (type png)
<use assets/timeline_GWL_mult.png>
Package pdftex.def Info: assets/timeline_GWL_mult.png  used on input line 463.
(pdftex.def)             Requested size: 361.36566pt x 216.81938pt.
[6 <./assets/timeline_GWL_mult.png>]
<assets/timeline_vtlg.png, id=430, 361.35pt x 216.81pt>
File: assets/timeline_vtlg.png Graphic file (type png)
<use assets/timeline_vtlg.png>
Package pdftex.def Info: assets/timeline_vtlg.png  used on input line 500.
(pdftex.def)             Requested size: 361.36566pt x 216.81938pt.
[7 <./assets/timeline_vtlg.png>] [8] [9] [10]
<assets/kNN_dist.png, id=458, 361.35pt x 216.81pt>
File: assets/kNN_dist.png Graphic file (type png)
<use assets/kNN_dist.png>
Package pdftex.def Info: assets/kNN_dist.png  used on input line 709.
(pdftex.def)             Requested size: 361.36566pt x 216.81938pt.
[11 <./assets/kNN_dist.png (PNG copy)>]
<assets/filterRes.png, id=483, 578.16pt x 361.35pt>
File: assets/filterRes.png Graphic file (type png)
<use assets/filterRes.png>
Package pdftex.def Info: assets/filterRes.png  used on input line 736.
(pdftex.def)             Requested size: 472.02992pt x 295.0187pt.
[12 <./assets/filterRes.png (PNG copy)>] [13]
<assets/quadranten.png, id=500, 361.35pt x 216.81pt>
File: assets/quadranten.png Graphic file (type png)
<use assets/quadranten.png>
Package pdftex.def Info: assets/quadranten.png  used on input line 874.
(pdftex.def)             Requested size: 361.36566pt x 216.81938pt.
[14]

LaTeX Warning: `!h' float specifier changed to `!ht'.

[15 <./assets/quadranten.png (PNG copy)>] [16] [17] [18]
<weatherFrog_bericht_files/figure-latex/manhattan-1.pdf, id=543, 505.89pt x 216
.81pt>
File: weatherFrog_bericht_files/figure-latex/manhattan-1.pdf Graphic file (type
 pdf)
<use weatherFrog_bericht_files/figure-latex/manhattan-1.pdf>
Package pdftex.def Info: weatherFrog_bericht_files/figure-latex/manhattan-1.pdf
  used on input line 1110.
(pdftex.def)             Requested size: 377.6334pt x 161.84288pt.
<assets/numclust.png, id=547, 361.35pt x 216.81pt>
File: assets/numclust.png Graphic file (type png)
<use assets/numclust.png>
Package pdftex.def Info: assets/numclust.png  used on input line 1147.
(pdftex.def)             Requested size: 361.36566pt x 216.81938pt.
LaTeX Font Info:    External font `lmex10' loaded for size
(Font)              <10> on input line 1151.
LaTeX Font Info:    External font `lmex10' loaded for size
(Font)              <7> on input line 1151.
LaTeX Font Info:    External font `lmex10' loaded for size
(Font)              <5> on input line 1151.
[19 <./weatherFrog_bericht_files/figure-latex/manhattan-1.pdf>] [20 <./assets/n
umclust.png>]
Underfull \hbox (badness 1072) in paragraph at lines 1222--1226
[]\T1/lmr/m/n/10.95 Für p-dimensionale Dat-en $\OML/lmm/m/it/10.95 x \OT1/lmr/m
/n/10.95 = (\OML/lmm/m/it/10.95 x[]; x[]; :::; x[]\OT1/lmr/m/n/10.95 )[]$ \T1/l
mr/m/n/10.95 mit einem Vek-tor mit Mit-tel-w-erten $\OML/lmm/m/it/10.95 ^^V \OT
1/lmr/m/n/10.95 =
 []


Underfull \hbox (badness 1728) in paragraph at lines 1222--1226
\OT1/lmr/m/n/10.95 (\OML/lmm/m/it/10.95 ^^V[]; ^^V[]; :::; ^^V[]\OT1/lmr/m/n/10
.95 )[]$ \T1/lmr/m/n/10.95 und Ko-var-i-anz-ma-trix $[]$ ist die Mahalanobis-Di
stanz generell definiert als
 []

[21]
<assets/pcaPlot.png, id=573, 361.35pt x 216.81pt>
File: assets/pcaPlot.png Graphic file (type png)
<use assets/pcaPlot.png>
Package pdftex.def Info: assets/pcaPlot.png  used on input line 1264.
(pdftex.def)             Requested size: 361.36566pt x 216.81938pt.
[22 <./assets/pcaPlot.png (PNG copy)>]
<assets/f_sil.jpeg, id=582, 361.35pt x 216.81pt>
File: assets/f_sil.jpeg Graphic file (type jpg)
<use assets/f_sil.jpeg>
Package pdftex.def Info: assets/f_sil.jpeg  used on input line 1334.
(pdftex.def)             Requested size: 361.36566pt x 216.81938pt.
<assets/timelineMultiplied.png, id=584, 361.35pt x 216.81pt>
File: assets/timelineMultiplied.png Graphic file (type png)
<use assets/timelineMultiplied.png>
Package pdftex.def Info: assets/timelineMultiplied.png  used on input line 1357
.
(pdftex.def)             Requested size: 361.36566pt x 216.81938pt.
[23 <./assets/f_sil.jpeg>]
<assets/distribution_of_years_over_cluster.png, id=594, 688.974pt x 413.3844pt>

File: assets/distribution_of_years_over_cluster.png Graphic file (type png)
<use assets/distribution_of_years_over_cluster.png>
Package pdftex.def Info: assets/distribution_of_years_over_cluster.png  used on
 input line 1401.
(pdftex.def)             Requested size: 377.62276pt x 226.57364pt.
[24 <./assets/timelineMultiplied.png (PNG copy)>]
<assets/jahreszeit_mean.mslp.png, id=605, 361.35pt x 216.81pt>
File: assets/jahreszeit_mean.mslp.png Graphic file (type png)
<use assets/jahreszeit_mean.mslp.png>
Package pdftex.def Info: assets/jahreszeit_mean.mslp.png  used on input line 14
39.
(pdftex.def)             Requested size: 361.36566pt x 216.81938pt.
[25 <./assets/distribution_of_years_over_cluster.png>]
<assets/jahreszeit_mean.geopot.png, id=612, 361.35pt x 216.81pt>
File: assets/jahreszeit_mean.geopot.png Graphic file (type png)
<use assets/jahreszeit_mean.geopot.png>
Package pdftex.def Info: assets/jahreszeit_mean.geopot.png  used on input line 
1450.
(pdftex.def)             Requested size: 361.36566pt x 216.81938pt.
<assets/mosaic_seasons.png, id=613, 712.5822pt x 413.8662pt>
File: assets/mosaic_seasons.png Graphic file (type png)
<use assets/mosaic_seasons.png>
Package pdftex.def Info: assets/mosaic_seasons.png  used on input line 1459.
(pdftex.def)             Requested size: 377.63414pt x 219.32909pt.
[26 <./assets/jahreszeit_mean.mslp.png> <./assets/jahreszeit_mean.geopot.png>]
<assets/observation_in_cluster.png, id=622, 338.7054pt x 232.4685pt>
File: assets/observation_in_cluster.png Graphic file (type png)
<use assets/observation_in_cluster.png>
Package pdftex.def Info: assets/observation_in_cluster.png  used on input line 
1496.
(pdftex.def)             Requested size: 338.72523pt x 232.4821pt.
[27 <./assets/mosaic_seasons.png>]
LaTeX Font Info:    Trying to load font information for TS1+lmr on input line 1
514.
(/home/minimops/.TinyTeX/texmf-dist/tex/latex/lm/ts1lmr.fd
File: ts1lmr.fd 2009/10/30 v1.6 Font defs for Latin Modern
) [28 <./assets/observation_in_cluster.png>]
<assets/mean_mslp_boxplot.png, id=637, 361.35pt x 216.81pt>
File: assets/mean_mslp_boxplot.png Graphic file (type png)
<use assets/mean_mslp_boxplot.png>
Package pdftex.def Info: assets/mean_mslp_boxplot.png  used on input line 1565.

(pdftex.def)             Requested size: 330.42249pt x 198.25348pt.
<assets/mean_geopot_boxplot.png, id=638, 361.35pt x 216.81pt>
File: assets/mean_geopot_boxplot.png Graphic file (type png)
<use assets/mean_geopot_boxplot.png>
Package pdftex.def Info: assets/mean_geopot_boxplot.png  used on input line 157
4.
(pdftex.def)             Requested size: 330.42249pt x 198.25348pt.
[29 <./assets/mean_mslp_boxplot.png> <./assets/mean_geopot_boxplot.png>]
<assets/avgClustIMG_mslp.png, id=647, 578.16pt x 361.35pt>
File: assets/avgClustIMG_mslp.png Graphic file (type png)
<use assets/avgClustIMG_mslp.png>
Package pdftex.def Info: assets/avgClustIMG_mslp.png  used on input line 1601.
(pdftex.def)             Requested size: 424.8234pt x 265.51462pt.
<assets/avgClustIMG_geopot.png, id=648, 578.16pt x 361.35pt>
File: assets/avgClustIMG_geopot.png Graphic file (type png)
<use assets/avgClustIMG_geopot.png>
Package pdftex.def Info: assets/avgClustIMG_geopot.png  used on input line 1623
.
(pdftex.def)             Requested size: 424.8234pt x 265.51462pt.
[30 <./assets/avgClustIMG_mslp.png (PNG copy)>] [31 <./assets/avgClustIMG_geopo
t.png (PNG copy)>]
<assets/mosaicLegend.png, id=660, 650.43pt x 361.35pt>
File: assets/mosaicLegend.png Graphic file (type png)
<use assets/mosaicLegend.png>
Package pdftex.def Info: assets/mosaicLegend.png  used on input line 1668.
(pdftex.def)             Requested size: 472.04094pt x 262.24496pt.
[32 <./assets/mosaicLegend.png (PNG copy)>]
<assets/seasonsMslp.png, id=672, 650.43pt x 361.35pt>
File: assets/seasonsMslp.png Graphic file (type png)
<use assets/seasonsMslp.png>
Package pdftex.def Info: assets/seasonsMslp.png  used on input line 1715.
(pdftex.def)             Requested size: 377.63672pt x 209.79819pt.
<assets/seasonsGeopot.png, id=673, 650.43pt x 361.35pt>
File: assets/seasonsGeopot.png Graphic file (type png)
<use assets/seasonsGeopot.png>
Package pdftex.def Info: assets/seasonsGeopot.png  used on input line 1726.
(pdftex.def)             Requested size: 377.63672pt x 209.79819pt.
[33 <./assets/seasonsMslp.png> <./assets/seasonsGeopot.png>]
<assets/mosaicSummer.png, id=683, 650.43pt x 361.35pt>
File: assets/mosaicSummer.png Graphic file (type png)
<use assets/mosaicSummer.png>
Package pdftex.def Info: assets/mosaicSummer.png  used on input line 1752.
(pdftex.def)             Requested size: 472.04094pt x 262.24496pt.
<assets/mosaicWinter.png, id=685, 650.43pt x 361.35pt>
File: assets/mosaicWinter.png Graphic file (type png)
<use assets/mosaicWinter.png>
Package pdftex.def Info: assets/mosaicWinter.png  used on input line 1770.
(pdftex.def)             Requested size: 472.04094pt x 262.24496pt.
[34 <./assets/mosaicSummer.png (PNG copy)>] [35 <./assets/mosaicWinter.png (PNG
 copy)>]
<assets/mosaic_gwl_greater2days.png, id=703, 650.43pt x 361.35pt>
File: assets/mosaic_gwl_greater2days.png Graphic file (type png)
<use assets/mosaic_gwl_greater2days.png>
Package pdftex.def Info: assets/mosaic_gwl_greater2days.png  used on input line
 1847.
(pdftex.def)             Requested size: 472.04094pt x 262.24496pt.
[36 <./assets/mosaic_gwl_greater2days.png>] [37]
<assets/TL_filterMslp_exa.png, id=722, 361.35pt x 216.81pt>
File: assets/TL_filterMslp_exa.png Graphic file (type png)
<use assets/TL_filterMslp_exa.png>
Package pdftex.def Info: assets/TL_filterMslp_exa.png  used on input line 1952.

(pdftex.def)             Requested size: 361.36566pt x 216.81938pt.
<assets/mosaic_filterMslp_exa.png, id=723, 650.43pt x 361.35pt>
File: assets/mosaic_filterMslp_exa.png Graphic file (type png)
<use assets/mosaic_filterMslp_exa.png>
Package pdftex.def Info: assets/mosaic_filterMslp_exa.png  used on input line 1
961.
(pdftex.def)             Requested size: 472.04094pt x 262.24496pt.
[38 <./assets/TL_filterMslp_exa.png (PNG copy)>] [39 <./assets/mosaic_filterMsl
p_exa.png (PNG copy)>]
<assets/geoVerID.png, id=736, 361.35pt x 216.81pt>
File: assets/geoVerID.png Graphic file (type png)
<use assets/geoVerID.png>
Package pdftex.def Info: assets/geoVerID.png  used on input line 2007.
(pdftex.def)             Requested size: 361.36566pt x 216.81938pt.
[40 <./assets/geoVerID.png (PNG copy)>] [41]
Underfull \hbox (badness 1152) in paragraph at lines 2139--2143
\T1/lmr/m/n/10.95 verbessern bzw. auszubauen. Diese benöti-gen aber eventuell e
ine tief-gründi-ge Anal-yse zur
 []

[42]
Underfull \hbox (badness 10000) in paragraph at lines 2223--2227
\T1/lmr/m/n/10.95 grif-f-en: 2021-03-19. []$https : / / www . synoptische -[] m
eteorologie . de / meteorologische -[] grundlagen /
 []

[43]
Underfull \hbox (badness 10000) in paragraph at lines 2248--2251
[][]\T1/lmr/m/n/10.95 Tiefgraber, M. 2013. ``Groÿwet-ter-la-gen.'' []$https : /
 / 14 -[] tage -[] wettervorhersage . de / news / thema /
 []


Underfull \hbox (badness 10000) in paragraph at lines 2252--2256
[]$\T1/lmr/m/n/10.95 https : / / towardsdatascience . com / k -[] means -[] and
 -[] pca -[] for -[] image -[] clustering -[] a -[] visual -[] analysis -[]
 []

[44] (./weatherFrog_bericht.aux)

LaTeX Warning: There were multiply-defined labels.

Package rerunfilecheck Info: File `weatherFrog_bericht.out' has not changed.
(rerunfilecheck)             Checksum: 175D30346F0EC28D7C8FAFE704A9F585;7761.
 ) 
Here is how much of TeX's memory you used:
 15587 strings out of 480962
 235325 string characters out of 5907287
 590159 words of memory out of 5000000
 32224 multiletter control sequences out of 15000+600000
 498905 words of font info for 87 fonts, out of 8000000 for 9000
 14 hyphenation exceptions out of 8191
 71i,18n,74p,419b,592s stack positions out of 5000i,500n,10000p,200000b,80000s
{/home/minimops/.TinyTeX/texmf-dist/fonts/enc/dvips/lm/lm-ts1.enc}{/home/mini
mops/.TinyTeX/texmf-dist/fonts/enc/dvips/lm/lm-ec.enc}{/home/minimops/.TinyTeX/
texmf-dist/fonts/enc/dvips/lm/lm-rm.enc}{/home/minimops/.TinyTeX/texmf-dist/fon
ts/enc/dvips/lm/lm-mathit.enc}{/home/minimops/.TinyTeX/texmf-dist/fonts/enc/dvi
ps/lm/lm-mathsy.enc}{/home/minimops/.TinyTeX/texmf-dist/fonts/enc/dvips/lm/lm-m
athex.enc}</home/minimops/.TinyTeX/texmf-dist/fonts/type1/public/lm/lmbx10.pfb>
</home/minimops/.TinyTeX/texmf-dist/fonts/type1/public/lm/lmbx12.pfb></home/min
imops/.TinyTeX/texmf-dist/fonts/type1/public/lm/lmbx8.pfb></home/minimops/.Tiny
TeX/texmf-dist/fonts/type1/public/lm/lmbxi10.pfb></home/minimops/.TinyTeX/texmf
-dist/fonts/type1/public/lm/lmex10.pfb></home/minimops/.TinyTeX/texmf-dist/font
s/type1/public/lm/lmmi10.pfb></home/minimops/.TinyTeX/texmf-dist/fonts/type1/pu
blic/lm/lmmi6.pfb></home/minimops/.TinyTeX/texmf-dist/fonts/type1/public/lm/lmm
i8.pfb></home/minimops/.TinyTeX/texmf-dist/fonts/type1/public/lm/lmr10.pfb></ho
me/minimops/.TinyTeX/texmf-dist/fonts/type1/public/lm/lmr12.pfb></home/minimops
/.TinyTeX/texmf-dist/fonts/type1/public/lm/lmr17.pfb></home/minimops/.TinyTeX/t
exmf-dist/fonts/type1/public/lm/lmr6.pfb></home/minimops/.TinyTeX/texmf-dist/fo
nts/type1/public/lm/lmr8.pfb></home/minimops/.TinyTeX/texmf-dist/fonts/type1/pu
blic/lm/lmri10.pfb></home/minimops/.TinyTeX/texmf-dist/fonts/type1/public/lm/lm
sy10.pfb></home/minimops/.TinyTeX/texmf-dist/fonts/type1/public/lm/lmsy8.pfb>
Output written on weatherFrog_bericht.pdf (51 pages, 4889102 bytes).
PDF statistics:
 933 PDF objects out of 1000 (max. 8388607)
 808 compressed objects within 9 object streams
 243 named destinations out of 1000 (max. 500000)
 534 words of extra memory for PDF output out of 10000 (max. 10000000)

